<?xml version="1.0" encoding="UTF-8"?>
<!-- Generated by org.testng.reporters.JUnitReportReporter -->
<testsuite hostname="DELLi310GEN" failures="0" tests="1" name="sampleScripts.TakeAScreenShot" time="5.685" errors="0" timestamp="2022-01-06T10:26:32 IST" skipped="0">
  <testcase classname="sampleScripts.TakeAScreenShot" name="TakeScreenShot" time="5.685"/>
  <system-out/>
</testsuite> <!-- sampleScripts.TakeAScreenShot -->
