<?xml version="1.0" encoding="UTF-8"?>
<!-- Generated by org.testng.reporters.JUnitReportReporter -->
<testsuite hostname="Gunnamreddy" failures="0" tests="1" name="testScripts.LoginTC111" time="9.079" errors="0" timestamp="2023-09-06T11:36:53 NZST" skipped="0">
  <testcase classname="testScripts.LoginTC111" name="login1" time="9.079"/>
</testsuite> <!-- testScripts.LoginTC111 -->
