<?xml version="1.0" encoding="UTF-8"?>
<!-- Generated by org.testng.reporters.JUnitReportReporter -->
<testsuite hostname="DELLi310GEN" failures="0" tests="1" name="testScripts.LoginTC111" time="6.403" errors="0" timestamp="2023-08-30T10:54:57 IST" skipped="0">
  <testcase classname="testScripts.LoginTC111" name="login1" time="6.403"/>
  <system-out/>
</testsuite> <!-- testScripts.LoginTC111 -->
